生成启动时间为 2019/4/8 12:32:21。
     1>项目“c:\Users\wanho\documents\visual studio 2013\Projects\Algorithm\Algorithm\Algorithm.vcxproj”在节点 2 上(Build 个目标)。
     1>ClCompile:
         D:\Microsoft Visual Studio 12.0\VC\bin\CL.exe /c /ZI /nologo /W3 /WX- /sdl /Od /Oy- /D WIN32 /D _DEBUG /D _CONSOLE /D _LIB /D _UNICODE /D UNICODE /Gm /EHsc /RTC1 /MDd /GS /fp:precise /Zc:wchar_t /Zc:forScope /Fo"Debug\\" /Fd"Debug\vc120.pdb" /Gd /TP /analyze- /errorReport:prompt algorithm.cpp histogram.cpp main.cpp traintest.cpp
         traintest.cpp
     1>c:\users\wanho\documents\visual studio 2013\projects\algorithm\algorithm\traintest.cpp(31): warning C4244: “参数”: 从“double”转换到“int”，可能丢失数据
     1>c:\users\wanho\documents\visual studio 2013\projects\algorithm\algorithm\traintest.cpp(77): warning C4244: “参数”: 从“double”转换到“int”，可能丢失数据
         main.cpp
         histogram.cpp
         algorithm.cpp
         正在生成代码...
       Link:
         D:\Microsoft Visual Studio 12.0\VC\bin\link.exe /ERRORREPORT:PROMPT /OUT:"c:\users\wanho\documents\visual studio 2013\Projects\Algorithm\Debug\Algorithm.exe" /INCREMENTAL /NOLOGO opencv_world341d.lib opencv_world341.lib kernel32.lib user32.lib gdi32.lib winspool.lib comdlg32.lib advapi32.lib shell32.lib ole32.lib oleaut32.lib uuid.lib odbc32.lib odbccp32.lib /MANIFEST /MANIFESTUAC:"level='asInvoker' uiAccess='false'" /manifest:embed /DEBUG /PDB:"c:\users\wanho\documents\visual studio 2013\Projects\Algorithm\Debug\Algorithm.pdb" /SUBSYSTEM:CONSOLE /TLBID:1 /DYNAMICBASE /NXCOMPAT /IMPLIB:"c:\users\wanho\documents\visual studio 2013\Projects\Algorithm\Debug\Algorithm.lib" /MACHINE:X86 Debug\algorithm.obj
         Debug\histogram.obj
         Debug\main.obj
         Debug\traintest.obj
     1>opencv_world341d.lib(opencv_world341d.dll) : fatal error LNK1112: 模块计算机类型“x64”与目标计算机类型“X86”冲突
     1>已完成生成项目“c:\Users\wanho\documents\visual studio 2013\Projects\Algorithm\Algorithm\Algorithm.vcxproj”(Build 个目标)的操作 - 失败。

生成失败。

已用时间 00:00:05.47
